{"uuid":"382e1073-b1b4-4e80-ae21-cbfb8de0e9a7","historyId":"ef4d3a172dcfcda0b431bdb01e3e2225","fullName":"com.example.teamcity.api.RolesTest.projectAdminShouldNotHaveRightsToCreateAnotherProject","labels":[{"name":"package","value":"com.example.teamcity.api.RolesTest"},{"name":"testClass","value":"com.example.teamcity.api.RolesTest"},{"name":"testMethod","value":"projectAdminShouldNotHaveRightsToCreateAnotherProject"},{"name":"parentSuite","value":"Default Suite"},{"name":"suite","value":"teamcity-testing-framework"},{"name":"subSuite","value":"com.example.teamcity.api.RolesTest"},{"name":"host","value":"Innas-MacBook-Pro.local"},{"name":"thread","value":"3965@Innas-MacBook-Pro.local.main(1)"},{"name":"framework","value":"testng"},{"name":"language","value":"java"}],"links":[],"name":"projectAdminShouldNotHaveRightsToCreateAnotherProject","status":"broken","statusDetails":{"known":false,"muted":false,"flaky":false,"message":"Failed making field 'java.io.ByteArrayOutputStream#buf' accessible; either increase its visibility or write a custom TypeAdapter for its declaring type.","trace":"com.google.gson.JsonIOException: Failed making field 'java.io.ByteArrayOutputStream#buf' accessible; either increase its visibility or write a custom TypeAdapter for its declaring type.\n\tat com.google.gson.internal.reflect.ReflectionHelper.makeAccessible(ReflectionHelper.java:38)\n\tat com.google.gson.internal.bind.ReflectiveTypeAdapterFactory.getBoundFields(ReflectiveTypeAdapterFactory.java:286)\n\tat com.google.gson.internal.bind.ReflectiveTypeAdapterFactory.create(ReflectiveTypeAdapterFactory.java:130)\n\tat com.google.gson.Gson.getAdapter(Gson.java:556)\n\tat com.google.gson.internal.bind.ReflectiveTypeAdapterFactory.createBoundField(ReflectiveTypeAdapterFactory.java:160)\n\tat com.google.gson.internal.bind.ReflectiveTypeAdapterFactory.getBoundFields(ReflectiveTypeAdapterFactory.java:294)\n\tat com.google.gson.internal.bind.ReflectiveTypeAdapterFactory.create(ReflectiveTypeAdapterFactory.java:130)\n\tat com.google.gson.Gson.getAdapter(Gson.java:556)\n\tat com.google.gson.internal.bind.ReflectiveTypeAdapterFactory.createBoundField(ReflectiveTypeAdapterFactory.java:160)\n\tat com.google.gson.internal.bind.ReflectiveTypeAdapterFactory.getBoundFields(ReflectiveTypeAdapterFactory.java:294)\n\tat com.google.gson.internal.bind.ReflectiveTypeAdapterFactory.create(ReflectiveTypeAdapterFactory.java:130)\n\tat com.google.gson.Gson.getAdapter(Gson.java:556)\n\tat com.google.gson.internal.bind.TypeAdapterRuntimeTypeWrapper.write(TypeAdapterRuntimeTypeWrapper.java:55)\n\tat com.google.gson.internal.bind.ReflectiveTypeAdapterFactory$1.write(ReflectiveTypeAdapterFactory.java:196)\n\tat com.google.gson.internal.bind.ReflectiveTypeAdapterFactory$Adapter.write(ReflectiveTypeAdapterFactory.java:368)\n\tat com.google.gson.Gson.toJson(Gson.java:842)\n\tat com.google.gson.Gson.toJson(Gson.java:812)\n\tat com.google.gson.Gson.toJson(Gson.java:759)\n\tat com.google.gson.Gson.toJson(Gson.java:736)\n\tat com.google.gson.Gson$toJson.call(Unknown Source)\n\tat org.codehaus.groovy.runtime.callsite.CallSiteArray.defaultCall(CallSiteArray.java:46)\n\tat org.codehaus.groovy.runtime.callsite.AbstractCallSite.call(AbstractCallSite.java:125)\n\tat org.codehaus.groovy.runtime.callsite.AbstractCallSite.call(AbstractCallSite.java:139)\n\tat io.restassured.internal.mapping.GsonMapper.serialize(GsonMapper.groovy:45)\n\tat io.restassured.mapper.ObjectMapper$serialize.call(Unknown Source)\n\tat org.codehaus.groovy.runtime.callsite.CallSiteArray.defaultCall(CallSiteArray.java:46)\n\tat org.codehaus.groovy.runtime.callsite.AbstractCallSite.call(AbstractCallSite.java:125)\n\tat org.codehaus.groovy.runtime.callsite.AbstractCallSite.call(AbstractCallSite.java:139)\n\tat io.restassured.internal.mapping.ObjectMapping.serializeWithGson(ObjectMapping.groovy:209)\n\tat java.base/jdk.internal.reflect.DirectMethodHandleAccessor.invoke(DirectMethodHandleAccessor.java:104)\n\tat java.base/java.lang.reflect.Method.invoke(Method.java:578)\n\tat org.codehaus.groovy.reflection.CachedMethod.invoke(CachedMethod.java:343)\n\tat org.codehaus.groovy.runtime.callsite.StaticMetaMethodSite$StaticMetaMethodSiteNoUnwrapNoCoerce.invoke(StaticMetaMethodSite.java:153)\n\tat org.codehaus.groovy.runtime.callsite.StaticMetaMethodSite.callStatic(StaticMetaMethodSite.java:102)\n\tat org.codehaus.groovy.runtime.callsite.CallSiteArray.defaultCallStatic(CallSiteArray.java:54)\n\tat org.codehaus.groovy.runtime.callsite.AbstractCallSite.callStatic(AbstractCallSite.java:217)\n\tat org.codehaus.groovy.runtime.callsite.AbstractCallSite.callStatic(AbstractCallSite.java:240)\n\tat io.restassured.internal.mapping.ObjectMapping.serialize(ObjectMapping.groovy:158)\n\tat io.restassured.internal.mapping.ObjectMapping$serialize.call(Unknown Source)\n\tat org.codehaus.groovy.runtime.callsite.CallSiteArray.defaultCall(CallSiteArray.java:46)\n\tat org.codehaus.groovy.runtime.callsite.AbstractCallSite.call(AbstractCallSite.java:125)\n\tat io.restassured.internal.RequestSpecificationImpl.body(RequestSpecificationImpl.groovy:756)\n\tat com.example.teamcity.api.requests.unchecked.UncheckedProject.create(UncheckedProject.java:21)\n\tat com.example.teamcity.api.requests.checked.CheckedProject.create(CheckedProject.java:19)\n\tat com.example.teamcity.api.RolesTest.projectAdminShouldNotHaveRightsToCreateAnotherProject(RolesTest.java:74)\n\tat java.base/jdk.internal.reflect.DirectMethodHandleAccessor.invoke(DirectMethodHandleAccessor.java:104)\n\tat java.base/java.lang.reflect.Method.invoke(Method.java:578)\n\tat org.testng.internal.invokers.MethodInvocationHelper.invokeMethod(MethodInvocationHelper.java:139)\n\tat org.testng.internal.invokers.TestInvoker.invokeMethod(TestInvoker.java:677)\n\tat org.testng.internal.invokers.TestInvoker.invokeTestMethod(TestInvoker.java:221)\n\tat org.testng.internal.invokers.MethodRunner.runInSequence(MethodRunner.java:50)\n\tat org.testng.internal.invokers.TestInvoker$MethodInvocationAgent.invoke(TestInvoker.java:969)\n\tat org.testng.internal.invokers.TestInvoker.invokeTestMethods(TestInvoker.java:194)\n\tat org.testng.internal.invokers.TestMethodWorker.invokeTestMethods(TestMethodWorker.java:148)\n\tat org.testng.internal.invokers.TestMethodWorker.run(TestMethodWorker.java:128)\n\tat java.base/java.util.ArrayList.forEach(ArrayList.java:1511)\n\tat org.testng.TestRunner.privateRun(TestRunner.java:829)\n\tat org.testng.TestRunner.run(TestRunner.java:602)\n\tat org.testng.SuiteRunner.runTest(SuiteRunner.java:437)\n\tat org.testng.SuiteRunner.runSequentially(SuiteRunner.java:431)\n\tat org.testng.SuiteRunner.privateRun(SuiteRunner.java:391)\n\tat org.testng.SuiteRunner.run(SuiteRunner.java:330)\n\tat org.testng.SuiteRunnerWorker.runSuite(SuiteRunnerWorker.java:52)\n\tat org.testng.SuiteRunnerWorker.run(SuiteRunnerWorker.java:95)\n\tat org.testng.TestNG.runSuitesSequentially(TestNG.java:1256)\n\tat org.testng.TestNG.runSuitesLocally(TestNG.java:1176)\n\tat org.testng.TestNG.runSuites(TestNG.java:1099)\n\tat org.testng.TestNG.run(TestNG.java:1067)\n\tat com.intellij.rt.testng.IDEARemoteTestNG.run(IDEARemoteTestNG.java:65)\n\tat com.intellij.rt.testng.RemoteTestNGStarter.main(RemoteTestNGStarter.java:105)\nCaused by: java.lang.reflect.InaccessibleObjectException: Unable to make field protected byte[] java.io.ByteArrayOutputStream.buf accessible: module java.base does not \"opens java.io\" to unnamed module @6328d34a\n\tat java.base/java.lang.reflect.AccessibleObject.throwInaccessibleObjectException(AccessibleObject.java:387)\n\tat java.base/java.lang.reflect.AccessibleObject.checkCanSetAccessible(AccessibleObject.java:363)\n\tat java.base/java.lang.reflect.AccessibleObject.checkCanSetAccessible(AccessibleObject.java:311)\n\tat java.base/java.lang.reflect.Field.checkCanSetAccessible(Field.java:181)\n\tat java.base/java.lang.reflect.Field.setAccessible(Field.java:175)\n\tat com.google.gson.internal.reflect.ReflectionHelper.makeAccessible(ReflectionHelper.java:35)\n\t... 69 more\n"},"stage":"finished","steps":[],"attachments":[],"parameters":[],"start":1701909726190,"stop":1701909726664}